TN:
SF:src/cards.ts
FN:20,isFaceCard
FN:24,createDeck
FN:34,shuffleDeck
FN:43,dealCards
FNF:4
FNH:4
FNDA:16,isFaceCard
FNDA:163,createDeck
FNDA:159,shuffleDeck
FNDA:199,dealCards
DA:3,1
DA:4,1
DA:6,1
DA:7,1
DA:8,1
DA:9,1
DA:11,1
DA:12,1
DA:13,1
DA:15,1
DA:16,1
DA:17,1
DA:18,1
DA:20,1
DA:21,16
DA:22,16
DA:24,1
DA:25,163
DA:26,163
DA:27,652
DA:28,8476
DA:29,8476
DA:30,652
DA:31,163
DA:32,163
DA:34,1
DA:35,159
DA:36,159
DA:37,8058
DA:38,8058
DA:39,8058
DA:40,159
DA:41,159
DA:43,1
DA:44,199
DA:45,199
LF:36
LH:36
BRDA:20,0,0,16
BRDA:21,1,0,15
BRDA:21,2,0,14
BRDA:24,3,0,163
BRDA:26,4,0,652
BRDA:27,5,0,8476
BRDA:34,6,0,159
BRDA:36,7,0,8058
BRDA:43,8,0,199
BRF:9
BRH:9
end_of_record
TN:
SF:src/classes.ts
FNF:0
FNH:0
DA:3,1
DA:4,1
DA:5,1
DA:6,1
DA:7,1
DA:8,1
DA:9,1
DA:10,1
DA:11,1
DA:12,1
DA:13,1
DA:14,1
DA:15,1
DA:16,1
DA:17,1
DA:18,1
DA:19,1
DA:20,1
DA:21,1
DA:22,1
DA:23,1
DA:24,1
DA:25,1
DA:26,1
DA:27,1
DA:28,1
DA:29,1
DA:30,1
DA:31,1
DA:32,1
DA:33,1
DA:34,1
DA:35,1
DA:36,1
DA:37,1
DA:38,1
DA:39,1
DA:40,1
DA:41,1
DA:42,1
DA:43,1
DA:44,1
DA:45,1
DA:46,1
DA:47,1
DA:48,1
DA:49,1
DA:50,1
DA:51,1
DA:52,1
DA:53,1
DA:54,1
DA:55,1
DA:56,1
DA:57,1
DA:58,1
DA:59,1
DA:60,1
DA:61,1
DA:62,1
DA:63,1
DA:64,1
DA:65,1
DA:66,1
DA:67,1
DA:68,1
DA:69,1
DA:70,1
DA:71,1
DA:72,1
DA:73,1
DA:74,1
DA:75,1
DA:76,1
DA:77,1
DA:78,1
DA:79,1
DA:80,1
DA:81,1
DA:82,1
DA:83,1
DA:84,1
DA:85,1
DA:86,1
DA:87,1
DA:88,1
DA:89,1
DA:90,1
DA:91,1
DA:92,1
DA:93,1
DA:94,1
DA:95,1
DA:96,1
DA:97,1
DA:98,1
DA:99,1
LF:97
LH:97
BRF:0
BRH:0
end_of_record
TN:
SF:src/consumables.ts
FN:206,uid
FN:208,makeArcana
FN:224,makeCelestial
FN:241,randomArcana
FN:246,randomCelestial
FN:252,getShopConsumables
FN:267,weightedSample
FN:293,weightedSampleCelestial
FN:302,modifyCardEverywhere
FN:311,removeCardEverywhere
FN:320,changeSuit
FN:332,addEnhancement
FN:347,arcana-gem
FN:353,arcana-donjon
FN:363,arcana-vizier
FN:384,arcana-jester
FN:397,arcana-fates
FN:420,arcana-skull
FN:428,arcana-void
FN:438,applyConsumableEffect
FNF:20
FNH:20
FNDA:99,uid
FNDA:68,makeArcana
FNDA:33,makeCelestial
FNDA:3,randomArcana
FNDA:1,randomCelestial
FNDA:7,getShopConsumables
FNDA:14,weightedSample
FNDA:7,weightedSampleCelestial
FNDA:12,modifyCardEverywhere
FNDA:5,removeCardEverywhere
FNDA:16,changeSuit
FNDA:20,addEnhancement
FNDA:1,arcana-gem
FNDA:3,arcana-donjon
FNDA:2,arcana-vizier
FNDA:1,arcana-jester
FNDA:1,arcana-fates
FNDA:4,arcana-skull
FNDA:1,arcana-void
FNDA:31,applyConsumableEffect
DA:4,1
DA:5,1
DA:6,1
DA:7,1
DA:8,1
DA:9,1
DA:10,1
DA:11,1
DA:12,1
DA:13,1
DA:14,1
DA:15,1
DA:16,1
DA:17,1
DA:18,1
DA:32,1
DA:33,1
DA:34,1
DA:35,1
DA:36,1
DA:37,1
DA:38,1
DA:39,1
DA:40,1
DA:41,1
DA:42,1
DA:43,1
DA:44,1
DA:45,1
DA:46,1
DA:47,1
DA:48,1
DA:49,1
DA:50,1
DA:51,1
DA:52,1
DA:53,1
DA:54,1
DA:55,1
DA:56,1
DA:57,1
DA:58,1
DA:59,1
DA:60,1
DA:61,1
DA:62,1
DA:63,1
DA:64,1
DA:65,1
DA:66,1
DA:67,1
DA:68,1
DA:69,1
DA:70,1
DA:71,1
DA:72,1
DA:73,1
DA:74,1
DA:75,1
DA:76,1
DA:77,1
DA:78,1
DA:79,1
DA:80,1
DA:81,1
DA:82,1
DA:83,1
DA:84,1
DA:85,1
DA:86,1
DA:87,1
DA:88,1
DA:89,1
DA:90,1
DA:91,1
DA:92,1
DA:93,1
DA:94,1
DA:95,1
DA:96,1
DA:97,1
DA:98,1
DA:99,1
DA:100,1
DA:101,1
DA:102,1
DA:103,1
DA:104,1
DA:105,1
DA:106,1
DA:107,1
DA:108,1
DA:109,1
DA:110,1
DA:111,1
DA:112,1
DA:113,1
DA:114,1
DA:115,1
DA:116,1
DA:117,1
DA:118,1
DA:119,1
DA:120,1
DA:121,1
DA:122,1
DA:123,1
DA:124,1
DA:125,1
DA:126,1
DA:127,1
DA:128,1
DA:129,1
DA:130,1
DA:131,1
DA:132,1
DA:133,1
DA:134,1
DA:135,1
DA:136,1
DA:137,1
DA:138,1
DA:139,1
DA:140,1
DA:141,1
DA:142,1
DA:143,1
DA:144,1
DA:145,1
DA:146,1
DA:147,1
DA:148,1
DA:149,1
DA:150,1
DA:151,1
DA:152,1
DA:153,1
DA:154,1
DA:155,1
DA:156,1
DA:157,1
DA:158,1
DA:159,1
DA:160,1
DA:161,1
DA:162,1
DA:163,1
DA:164,1
DA:165,1
DA:166,1
DA:167,1
DA:168,1
DA:169,1
DA:170,1
DA:171,1
DA:172,1
DA:173,1
DA:174,1
DA:175,1
DA:176,1
DA:177,1
DA:189,1
DA:190,1
DA:191,1
DA:192,1
DA:193,1
DA:194,1
DA:195,1
DA:196,1
DA:197,1
DA:198,1
DA:199,1
DA:200,1
DA:201,1
DA:202,1
DA:203,1
DA:206,99
DA:208,1
DA:209,68
DA:210,68
DA:211,67
DA:212,67
DA:213,67
DA:214,67
DA:215,67
DA:216,67
DA:217,67
DA:218,67
DA:219,67
DA:220,67
DA:221,67
DA:222,67
DA:224,1
DA:225,33
DA:226,33
DA:227,32
DA:228,32
DA:229,32
DA:230,32
DA:231,32
DA:232,32
DA:233,32
DA:234,32
DA:235,32
DA:236,32
DA:237,32
DA:238,32
DA:239,32
DA:241,1
DA:242,3
DA:243,3
DA:244,3
DA:246,1
DA:247,1
DA:248,1
DA:249,1
DA:252,1
DA:253,7
DA:254,7
DA:255,6
DA:256,1
DA:258,7
DA:259,7
DA:261,7
DA:262,7
DA:263,7
DA:264,7
DA:265,7
DA:267,14
DA:268,14
DA:269,14
DA:270,14
DA:271,14
DA:272,14
DA:273,14
DA:274,203
DA:275,203
DA:276,203
DA:278,14
DA:279,14
DA:280,7279
DA:281,7279
DA:282,7279
DA:283,14
DA:284,14
DA:285,14
DA:286,21
DA:287,21
DA:288,21
DA:289,21
DA:290,14
DA:291,14
DA:293,7
DA:294,7
DA:295,6
DA:296,1
DA:297,7
DA:298,7
DA:302,12
DA:303,12
DA:304,12
DA:305,12
DA:306,12
DA:307,12
DA:308,12
DA:309,12
DA:311,5
DA:312,5
DA:313,5
DA:314,5
DA:315,5
DA:316,5
DA:317,5
DA:318,5
DA:320,16
DA:321,16
DA:322,6
DA:323,6
DA:324,7
DA:325,7
DA:326,7
DA:327,7
DA:328,6
DA:329,6
DA:330,16
DA:332,20
DA:333,20
DA:334,5
DA:335,5
DA:336,5
DA:337,5
DA:338,5
DA:339,5
DA:340,5
DA:341,5
DA:342,20
DA:346,1
DA:347,1
DA:348,1
DA:349,1
DA:350,1
DA:351,1
DA:353,1
DA:354,3
DA:355,3
DA:356,3
DA:357,3
DA:358,3
DA:359,3
DA:360,3
DA:361,3
DA:363,1
DA:364,2
DA:365,2
DA:366,2
DA:367,2
DA:368,2
DA:369,2
DA:370,2
DA:371,2
DA:372,2
DA:373,2
DA:374,2
DA:375,2
DA:376,2
DA:377,2
DA:378,0
DA:379,2
DA:380,2
DA:381,2
DA:382,2
DA:384,1
DA:387,1
DA:388,1
DA:389,1
DA:390,1
DA:391,1
DA:392,1
DA:393,1
DA:394,1
DA:395,1
DA:397,1
DA:400,1
DA:401,1
DA:402,1
DA:403,1
DA:404,1
DA:405,1
DA:406,1
DA:407,1
DA:408,1
DA:410,1
DA:411,1
DA:412,1
DA:413,1
DA:414,1
DA:415,1
DA:416,1
DA:417,1
DA:418,1
DA:420,1
DA:421,4
DA:422,4
DA:423,4
DA:424,4
DA:425,4
DA:426,4
DA:428,1
DA:429,1
DA:430,1
DA:431,1
DA:432,1
DA:433,1
DA:434,1
DA:435,1
DA:436,1
DA:438,1
DA:439,31
DA:440,31
DA:441,31
DA:442,31
DA:443,31
DA:444,31
DA:445,6
DA:446,6
DA:447,6
DA:448,6
DA:449,7
DA:450,6
DA:451,1
DA:452,6
DA:453,6
DA:454,6
DA:455,6
DA:456,6
DA:458,25
DA:459,29
DA:461,24
DA:462,16
DA:463,8
DA:464,31
DA:465,31
DA:466,31
DA:467,31
DA:468,13
DA:469,11
DA:470,31
DA:471,31
LF:408
LH:407
BRDA:206,0,0,99
BRDA:208,1,0,68
BRDA:210,2,0,1
BRDA:210,3,0,67
BRDA:209,4,0,565
BRDA:224,5,0,33
BRDA:226,6,0,1
BRDA:226,7,0,32
BRDA:225,8,0,190
BRDA:241,9,0,3
BRDA:246,10,0,1
BRDA:252,11,0,7
BRDA:254,12,0,6
BRDA:255,13,0,1
BRDA:262,14,0,14
BRDA:263,15,0,7
BRDA:267,16,0,14
BRDA:273,17,0,203
BRDA:274,18,0,0
BRDA:275,19,0,7293
BRDA:279,20,0,7279
BRDA:285,21,0,21
BRDA:288,22,0,14
BRDA:293,23,0,7
BRDA:294,24,0,6
BRDA:295,25,0,1
BRDA:302,26,0,12
BRDA:305,27,0,13
BRDA:305,28,0,11
BRDA:305,29,0,2
BRDA:306,30,0,1
BRDA:306,31,0,0
BRDA:311,32,0,5
BRDA:314,33,0,4
BRDA:315,34,0,1
BRDA:316,35,0,1
BRDA:320,36,0,16
BRDA:321,37,0,6
BRDA:323,38,0,7
BRDA:324,39,0,7
BRDA:325,40,0,0
BRDA:325,41,0,7
BRDA:332,42,0,20
BRDA:333,43,0,5
BRDA:336,44,0,5
BRDA:337,45,0,0
BRDA:337,46,0,5
BRDA:347,47,0,1
BRDA:349,48,0,1
BRDA:349,49,0,0
BRDA:353,50,0,3
BRDA:354,51,0,3
BRDA:358,52,0,3
BRDA:358,53,0,0
BRDA:363,54,0,2
BRDA:371,55,0,1
BRDA:371,56,0,1
BRDA:364,57,0,2
BRDA:370,58,0,26
BRDA:370,59,0,13
BRDA:375,60,0,2
BRDA:377,61,0,1
BRDA:377,62,0,0
BRDA:384,63,0,1
BRDA:390,64,0,1
BRDA:391,65,0,0
BRDA:397,66,0,1
BRDA:403,67,0,1
BRDA:404,68,0,0
BRDA:420,69,0,4
BRDA:423,70,0,5
BRDA:423,71,0,1
BRDA:423,72,0,4
BRDA:428,73,0,1
BRDA:431,74,0,1
BRDA:431,75,0,0
BRDA:433,76,0,1
BRDA:433,77,0,0
BRDA:438,78,0,31
BRDA:444,79,0,6
BRDA:444,80,0,6
BRDA:456,81,0,29
BRDA:456,82,0,25
BRDA:459,83,0,1
BRDA:459,84,0,24
BRDA:461,85,0,16
BRDA:462,86,0,1
BRDA:462,87,0,15
BRDA:462,88,0,8
BRDA:467,89,0,13
BRDA:467,90,0,13
BRDA:468,91,0,11
BRDA:448,92,0,7
BRDA:449,93,0,6
BRDA:450,94,0,5
BRDA:450,95,0,1
BRF:96
BRH:85
end_of_record
TN:
SF:src/gameLogic.ts
FN:14,initPlayer
FN:37,applyClassToPlayer
FN:42,createGameState
FN:57,startCombat
FN:94,selectCards
FN:101,discardCards
FN:125,playHands
FN:378,advanceAfterResult
FN:425,buyJoker
FN:440,buyConsumable
FN:457,useConsumable
FN:488,endShop
FNF:12
FNH:12
FNDA:149,initPlayer
FNDA:1,applyClassToPlayer
FNDA:30,createGameState
FNDA:7,startCombat
FNDA:7,selectCards
FNDA:5,discardCards
FNDA:33,playHands
FNDA:9,advanceAfterResult
FNDA:4,buyJoker
FNDA:3,buyConsumable
FNDA:4,useConsumable
FNDA:1,endShop
DA:1,1
DA:10,1
DA:11,1
DA:12,1
DA:14,1
DA:15,149
DA:16,149
DA:17,149
DA:18,149
DA:19,149
DA:20,149
DA:21,149
DA:22,149
DA:23,149
DA:24,149
DA:25,149
DA:26,149
DA:27,149
DA:28,149
DA:29,149
DA:30,149
DA:31,149
DA:32,149
DA:33,149
DA:34,149
DA:35,149
DA:37,1
DA:38,1
DA:39,1
DA:40,1
DA:42,1
DA:43,30
DA:44,30
DA:45,30
DA:46,30
DA:47,30
DA:48,30
DA:49,30
DA:50,30
DA:51,30
DA:52,30
DA:53,30
DA:54,30
DA:55,30
DA:57,1
DA:58,7
DA:59,7
DA:60,7
DA:61,7
DA:62,7
DA:63,7
DA:64,7
DA:65,7
DA:68,7
DA:69,7
DA:70,7
DA:71,7
DA:72,7
DA:73,7
DA:74,7
DA:75,7
DA:76,7
DA:77,7
DA:78,7
DA:79,7
DA:80,7
DA:81,7
DA:82,7
DA:83,7
DA:84,7
DA:85,7
DA:86,7
DA:87,7
DA:88,7
DA:89,7
DA:90,7
DA:91,7
DA:92,7
DA:94,1
DA:95,7
DA:96,8
DA:97,7
DA:98,7
DA:99,7
DA:101,1
DA:102,5
DA:103,5
DA:105,3
DA:106,3
DA:107,3
DA:109,3
DA:110,3
DA:111,3
DA:112,3
DA:113,3
DA:114,3
DA:115,3
DA:116,3
DA:118,3
DA:119,3
DA:120,3
DA:121,3
DA:122,3
DA:123,3
DA:125,1
DA:126,33
DA:128,32
DA:129,33
DA:131,31
DA:132,34
DA:133,34
DA:134,31
DA:135,31
DA:137,31
DA:139,31
DA:140,34
DA:141,34
DA:142,34
DA:143,34
DA:144,34
DA:145,34
DA:146,34
DA:147,34
DA:148,34
DA:149,34
DA:150,34
DA:151,34
DA:152,34
DA:153,34
DA:154,31
DA:159,31
DA:160,31
DA:161,31
DA:162,31
DA:163,31
DA:164,31
DA:165,3
DA:167,33
DA:168,33
DA:169,2
DA:170,4
DA:171,4
DA:172,2
DA:173,2
DA:175,31
DA:177,31
DA:178,31
DA:179,33
DA:180,1
DA:181,1
DA:182,1
DA:183,1
DA:185,33
DA:186,1
DA:187,1
DA:189,31
DA:190,31
DA:192,31
DA:193,31
DA:195,33
DA:196,1
DA:197,1
DA:200,31
DA:201,33
DA:202,10
DA:203,5
DA:204,5
DA:205,5
DA:206,0
DA:207,0
DA:208,0
DA:209,0
DA:210,10
DA:213,31
DA:214,31
DA:215,31
DA:218,31
DA:219,33
DA:220,34
DA:221,9
DA:222,9
DA:223,34
DA:226,31
DA:227,34
DA:228,34
DA:230,34
DA:231,34
DA:232,34
DA:234,34
DA:235,34
DA:236,34
DA:237,34
DA:238,34
DA:239,34
DA:240,34
DA:241,34
DA:244,34
DA:245,2
DA:246,2
DA:247,2
DA:248,2
DA:249,2
DA:250,2
DA:253,34
DA:254,34
DA:257,34
DA:258,1
DA:259,1
DA:260,1
DA:261,1
DA:262,1
DA:263,1
DA:264,1
DA:266,34
DA:267,31
DA:270,33
DA:271,5
DA:272,5
DA:273,5
DA:274,5
DA:275,5
DA:276,5
DA:279,31
DA:280,33
DA:281,4
DA:282,4
DA:284,4
DA:285,1
DA:286,1
DA:287,1
DA:288,1
DA:289,1
DA:290,1
DA:292,4
DA:293,1
DA:294,1
DA:295,1
DA:296,0
DA:297,1
DA:298,1
DA:299,1
DA:301,4
DA:302,1
DA:303,1
DA:304,1
DA:305,1
DA:306,1
DA:307,1
DA:308,1
DA:310,4
DA:311,1
DA:312,1
DA:313,1
DA:314,1
DA:315,1
DA:316,1
DA:317,1
DA:318,1
DA:319,1
DA:320,1
DA:321,1
DA:322,1
DA:323,1
DA:324,1
DA:325,1
DA:326,4
DA:328,31
DA:330,31
DA:331,31
DA:332,34
DA:333,34
DA:334,34
DA:335,34
DA:336,34
DA:337,31
DA:338,31
DA:339,31
DA:340,31
DA:341,31
DA:342,31
DA:343,31
DA:344,31
DA:345,31
DA:347,31
DA:348,33
DA:349,33
DA:350,34
DA:351,34
DA:352,34
DA:353,33
DA:354,33
DA:355,33
DA:356,33
DA:357,1
DA:358,1
DA:359,33
DA:360,33
DA:361,21
DA:362,10
DA:363,5
DA:364,5
DA:365,33
DA:366,33
DA:368,33
DA:369,33
DA:370,33
DA:371,33
DA:372,33
DA:373,33
DA:374,33
DA:375,33
DA:376,33
DA:378,1
DA:379,9
DA:381,8
DA:382,8
DA:384,9
DA:386,9
DA:387,5
DA:388,5
DA:389,5
DA:390,5
DA:392,5
DA:393,5
DA:395,5
DA:396,1
DA:397,1
DA:399,5
DA:400,5
DA:402,5
DA:403,5
DA:404,5
DA:405,5
DA:406,5
DA:407,5
DA:408,5
DA:409,5
DA:410,5
DA:411,5
DA:412,5
DA:415,2
DA:416,9
DA:418,1
DA:419,1
DA:420,1
DA:421,1
DA:422,1
DA:423,1
DA:425,1
DA:426,4
DA:427,4
DA:428,4
DA:430,2
DA:431,2
DA:432,2
DA:433,2
DA:434,2
DA:435,2
DA:436,2
DA:437,2
DA:438,2
DA:440,1
DA:441,3
DA:442,3
DA:443,3
DA:445,1
DA:446,1
DA:447,1
DA:448,1
DA:449,1
DA:450,0
DA:451,1
DA:452,1
DA:453,1
DA:454,1
DA:455,1
DA:457,1
DA:458,4
DA:459,4
DA:460,4
DA:461,4
DA:462,4
DA:463,4
DA:464,4
DA:465,4
DA:468,4
DA:469,4
DA:470,3
DA:471,4
DA:472,2
DA:473,2
DA:475,2
DA:478,2
DA:479,2
DA:480,2
DA:481,2
DA:482,2
DA:483,0
DA:484,2
DA:485,2
DA:486,2
DA:488,1
DA:489,1
DA:490,1
LF:404
LH:397
BRDA:14,0,0,149
BRDA:37,1,0,1
BRDA:42,2,0,30
BRDA:57,3,0,7
BRDA:65,4,0,7
BRDA:69,5,0,0
BRDA:94,6,0,7
BRDA:95,7,0,8
BRDA:96,8,0,7
BRDA:96,9,0,1
BRDA:101,10,0,5
BRDA:103,11,0,4
BRDA:103,12,0,2
BRDA:103,13,0,3
BRDA:102,14,0,5
BRDA:105,15,0,24
BRDA:106,16,0,24
BRDA:120,17,0,3
BRDA:120,18,0,0
BRDA:125,19,0,33
BRDA:126,20,0,1
BRDA:126,21,0,32
BRDA:129,22,0,1
BRDA:129,23,0,31
BRDA:164,24,0,3
BRDA:168,25,0,2
BRDA:173,26,0,31
BRDA:179,27,0,1
BRDA:183,28,0,31
BRDA:185,29,0,1
BRDA:185,30,0,1
BRDA:187,31,0,31
BRDA:195,32,0,10
BRDA:195,33,0,1
BRDA:196,34,0,0
BRDA:197,35,0,31
BRDA:201,36,0,10
BRDA:202,37,0,5
BRDA:205,38,0,0
BRDA:210,39,0,31
BRDA:219,40,0,34
BRDA:220,41,0,9
BRDA:221,42,0,1
BRDA:223,43,0,31
BRDA:270,44,0,5
BRDA:276,45,0,31
BRDA:280,46,0,10
BRDA:280,47,0,4
BRDA:284,48,0,1
BRDA:284,49,0,1
BRDA:292,50,0,1
BRDA:301,51,0,1
BRDA:301,52,0,1
BRDA:310,53,0,1
BRDA:310,54,0,1
BRDA:326,55,0,31
BRDA:348,56,0,2
BRDA:348,57,0,29
BRDA:355,58,0,1
BRDA:355,59,0,30
BRDA:356,60,0,1
BRDA:359,61,0,30
BRDA:360,62,0,21
BRDA:361,63,0,10
BRDA:362,64,0,5
BRDA:362,65,0,5
BRDA:363,66,0,5
BRDA:370,67,0,1
BRDA:370,68,0,30
BRDA:128,69,0,35
BRDA:131,70,0,34
BRDA:132,71,0,169
BRDA:135,72,0,34
BRDA:139,73,0,34
BRDA:141,74,0,1
BRDA:147,75,0,1
BRDA:147,76,0,33
BRDA:150,77,0,88
BRDA:151,78,0,9
BRDA:165,79,0,6
BRDA:169,80,0,4
BRDA:175,81,0,34
BRDA:185,82,0,1
BRDA:203,83,0,5
BRDA:214,84,0,34
BRDA:215,85,0,1
BRDA:226,86,0,34
BRDA:228,87,0,0
BRDA:244,88,0,2
BRDA:247,89,0,1
BRDA:248,90,0,1
BRDA:254,91,0,1
BRDA:257,92,0,1
BRDA:227,93,0,37
BRDA:230,94,0,169
BRDA:231,95,0,169
BRDA:245,96,0,2
BRDA:253,97,0,1
BRDA:262,98,0,5
BRDA:271,99,0,5
BRDA:272,100,0,0
BRDA:274,101,0,1
BRDA:274,102,0,4
BRDA:281,103,0,4
BRDA:286,104,0,1
BRDA:287,105,0,0
BRDA:293,106,0,1
BRDA:295,107,0,0
BRDA:304,108,0,1
BRDA:305,109,0,0
BRDA:312,110,0,4
BRDA:314,111,0,2
BRDA:315,112,0,1
BRDA:316,113,0,0
BRDA:318,114,0,3
BRDA:328,115,0,31
BRDA:331,116,0,34
BRDA:349,117,0,34
BRDA:350,118,0,0
BRDA:351,119,0,1
BRDA:351,120,0,33
BRDA:350,121,0,37
BRDA:356,122,0,1
BRDA:357,123,0,0
BRDA:357,124,0,1
BRDA:378,125,0,9
BRDA:379,126,0,1
BRDA:379,127,0,8
BRDA:384,128,0,1
BRDA:384,129,0,7
BRDA:386,130,0,5
BRDA:387,131,0,0
BRDA:395,132,0,2
BRDA:395,133,0,1
BRDA:397,134,0,4
BRDA:399,135,0,1
BRDA:399,136,0,3
BRDA:400,137,0,1
BRDA:400,138,0,3
BRDA:412,139,0,2
BRDA:416,140,0,1
BRDA:382,141,0,8
BRDA:388,142,0,5
BRDA:389,143,0,0
BRDA:415,144,0,2
BRDA:418,145,0,1
BRDA:420,146,0,0
BRDA:425,147,0,4
BRDA:428,148,0,3
BRDA:428,149,0,2
BRDA:426,150,0,4
BRDA:427,151,0,4
BRDA:432,152,0,2
BRDA:433,153,0,0
BRDA:435,154,0,6
BRDA:440,155,0,3
BRDA:443,156,0,2
BRDA:443,157,0,2
BRDA:443,158,0,1
BRDA:441,159,0,3
BRDA:442,160,0,3
BRDA:447,161,0,1
BRDA:449,162,0,0
BRDA:452,163,0,1
BRDA:457,164,0,4
BRDA:465,165,0,0
BRDA:469,166,0,3
BRDA:471,167,0,2
BRDA:463,168,0,4
BRDA:464,169,0,4
BRDA:480,170,0,2
BRDA:482,171,0,0
BRDA:482,172,0,2
BRDA:488,173,0,1
BRF:174
BRH:155
end_of_record
TN:
SF:src/hands.ts
FN:10,groupByRank
FN:20,groupBySuit
FN:30,sortedGroups
FN:37,isFlush
FN:41,isStraight
FN:56,isRoyal
FN:62,evaluateNatural
FN:118,evaluateWithWilds
FN:218,evaluateHand
FNF:9
FNH:9
FNDA:89,groupByRank
FNDA:8,groupBySuit
FNDA:89,sortedGroups
FNDA:159,isFlush
FNDA:81,isStraight
FNDA:78,isRoyal
FNDA:81,evaluateNatural
FNDA:10,evaluateWithWilds
FNDA:92,evaluateHand
DA:1,1
DA:10,89
DA:11,89
DA:12,89
DA:13,360
DA:14,360
DA:15,360
DA:16,360
DA:17,89
DA:18,89
DA:20,8
DA:21,8
DA:22,8
DA:23,28
DA:24,28
DA:25,28
DA:26,28
DA:27,8
DA:28,8
DA:30,89
DA:31,89
DA:32,150
DA:33,102
DA:34,89
DA:35,89
DA:37,159
DA:38,159
DA:39,159
DA:41,81
DA:42,81
DA:43,57
DA:44,57
DA:46,59
DA:47,81
DA:48,1
DA:49,1
DA:50,81
DA:51,77
DA:52,77
DA:53,3
DA:54,3
DA:56,78
DA:57,78
DA:58,78
DA:59,78
DA:62,81
DA:63,81
DA:64,81
DA:65,81
DA:66,81
DA:69,81
DA:70,1
DA:71,1
DA:73,81
DA:74,2
DA:75,2
DA:77,81
DA:78,1
DA:79,1
DA:80,81
DA:81,1
DA:82,1
DA:83,81
DA:84,12
DA:85,12
DA:86,12
DA:88,81
DA:89,1
DA:90,1
DA:91,81
DA:92,3
DA:93,3
DA:94,81
DA:95,2
DA:96,2
DA:97,81
DA:98,2
DA:99,2
DA:100,81
DA:101,2
DA:102,2
DA:103,2
DA:104,81
DA:105,2
DA:106,2
DA:107,2
DA:108,81
DA:109,46
DA:110,46
DA:111,46
DA:112,6
DA:113,6
DA:118,10
DA:119,10
DA:121,10
DA:123,2
DA:124,2
DA:126,8
DA:127,8
DA:128,10
DA:129,10
DA:132,10
DA:133,10
DA:134,10
DA:137,10
DA:138,1
DA:139,1
DA:140,1
DA:143,10
DA:144,1
DA:145,1
DA:146,1
DA:149,10
DA:150,3
DA:151,3
DA:152,3
DA:153,3
DA:158,10
DA:159,0
DA:160,0
DA:161,0
DA:162,0
DA:164,0
DA:165,0
DA:166,0
DA:167,0
DA:168,0
DA:169,0
DA:170,0
DA:173,10
DA:174,1
DA:175,1
DA:176,1
DA:177,1
DA:180,10
DA:181,1
DA:182,1
DA:183,1
DA:184,1
DA:185,0
DA:186,0
DA:187,0
DA:188,0
DA:189,0
DA:190,0
DA:191,1
DA:192,1
DA:195,10
DA:196,0
DA:197,0
DA:198,0
DA:199,0
DA:200,0
DA:201,0
DA:202,0
DA:203,0
DA:204,0
DA:205,0
DA:208,1
DA:209,1
DA:210,1
DA:211,1
DA:212,1
DA:214,10
DA:215,10
DA:218,1
DA:219,92
DA:221,91
DA:222,91
DA:224,92
DA:225,81
DA:226,81
DA:228,1
DA:229,1
DA:230,1
DA:231,1
DA:232,1
DA:233,1
DA:234,1
DA:235,1
DA:236,1
DA:237,1
DA:238,1
DA:239,1
DA:240,1
DA:241,1
DA:242,1
DA:244,1
DA:245,1
DA:246,1
DA:247,1
DA:248,1
DA:249,1
DA:250,1
DA:251,1
DA:252,1
DA:253,1
DA:254,1
DA:255,1
DA:256,1
DA:257,1
DA:258,1
LF:202
LH:175
BRDA:10,0,0,89
BRDA:12,1,0,360
BRDA:13,2,0,234
BRDA:20,3,0,8
BRDA:22,4,0,28
BRDA:23,5,0,19
BRDA:30,6,0,89
BRDA:31,7,0,150
BRDA:32,8,0,48
BRDA:32,9,0,102
BRDA:37,10,0,159
BRDA:38,11,0,111
BRDA:38,12,0,259
BRDA:41,13,0,81
BRDA:42,14,0,24
BRDA:42,15,0,59
BRDA:42,16,0,57
BRDA:46,17,0,53
BRDA:46,18,0,1
BRDA:47,19,0,1
BRDA:47,20,0,1
BRDA:47,21,0,1
BRDA:49,22,0,56
BRDA:50,23,0,77
BRDA:51,24,0,53
BRDA:52,25,0,3
BRDA:43,26,0,423
BRDA:44,27,0,285
BRDA:56,28,0,78
BRDA:58,29,0,5
BRDA:58,30,0,1
BRDA:58,31,0,1
BRDA:58,32,0,1
BRDA:58,33,0,1
BRDA:57,34,0,317
BRDA:62,35,0,81
BRDA:69,36,0,3
BRDA:69,37,0,1
BRDA:71,38,0,80
BRDA:73,39,0,2
BRDA:75,40,0,78
BRDA:77,41,0,1
BRDA:79,42,0,77
BRDA:80,43,0,4
BRDA:80,44,0,1
BRDA:82,45,0,76
BRDA:83,46,0,12
BRDA:86,47,0,64
BRDA:88,48,0,6
BRDA:88,49,0,5
BRDA:88,50,0,4
BRDA:88,51,0,1
BRDA:90,52,0,63
BRDA:91,53,0,5
BRDA:91,54,0,4
BRDA:91,55,0,3
BRDA:93,56,0,60
BRDA:94,57,0,2
BRDA:96,58,0,58
BRDA:97,59,0,2
BRDA:99,60,0,56
BRDA:100,61,0,2
BRDA:103,62,0,54
BRDA:104,63,0,48
BRDA:104,64,0,27
BRDA:104,65,0,2
BRDA:107,66,0,52
BRDA:108,67,0,46
BRDA:111,68,0,6
BRDA:63,69,0,256
BRDA:85,70,0,60
BRDA:102,71,0,8
BRDA:106,72,0,10
BRDA:110,73,0,167
BRDA:118,74,0,10
BRDA:121,75,0,2
BRDA:124,76,0,8
BRDA:128,77,0,0
BRDA:129,78,0,5
BRDA:129,79,0,3
BRDA:134,80,0,8
BRDA:134,81,0,0
BRDA:137,82,0,2
BRDA:137,83,0,1
BRDA:140,84,0,7
BRDA:143,85,0,1
BRDA:146,86,0,6
BRDA:149,87,0,3
BRDA:158,88,0,1
BRDA:158,89,0,0
BRDA:158,90,0,0
BRDA:170,91,0,3
BRDA:173,92,0,1
BRDA:177,93,0,2
BRDA:180,94,0,1
BRDA:184,95,0,0
BRDA:195,96,0,0
BRDA:195,97,0,0
BRDA:205,98,0,1
BRDA:210,99,0,0
BRDA:212,100,0,0
BRDA:126,101,0,20
BRDA:133,102,0,11
BRDA:137,103,0,6
BRDA:152,104,0,15
BRDA:176,105,0,5
BRDA:191,106,0,5
BRDA:211,107,0,2
BRDA:218,108,0,92
BRDA:219,109,0,1
BRDA:219,110,0,91
BRDA:224,111,0,10
BRDA:224,112,0,81
BRDA:221,113,0,375
BRDA:222,114,0,375
BRF:115
BRH:106
end_of_record
TN:
SF:src/jokers.ts
FN:142,getShopJokers
FNF:1
FNH:1
FNDA:8,getShopJokers
DA:3,1
DA:5,1
DA:6,1
DA:7,1
DA:8,1
DA:9,1
DA:10,1
DA:11,1
DA:12,1
DA:13,1
DA:14,1
DA:15,1
DA:16,1
DA:17,1
DA:18,1
DA:19,1
DA:20,1
DA:21,1
DA:22,1
DA:23,1
DA:24,1
DA:25,1
DA:26,1
DA:27,1
DA:28,1
DA:29,1
DA:30,1
DA:31,1
DA:32,1
DA:33,1
DA:34,1
DA:35,1
DA:36,1
DA:37,1
DA:38,1
DA:39,1
DA:40,1
DA:41,1
DA:42,1
DA:43,1
DA:44,1
DA:45,1
DA:46,1
DA:47,1
DA:48,1
DA:49,1
DA:50,1
DA:51,1
DA:52,1
DA:53,1
DA:54,1
DA:56,1
DA:57,1
DA:58,1
DA:59,1
DA:60,1
DA:61,1
DA:62,1
DA:63,1
DA:64,1
DA:65,1
DA:66,1
DA:67,1
DA:68,1
DA:69,1
DA:70,1
DA:71,1
DA:72,1
DA:73,1
DA:74,1
DA:75,1
DA:76,1
DA:77,1
DA:78,1
DA:79,1
DA:80,1
DA:81,1
DA:82,1
DA:83,1
DA:84,1
DA:85,1
DA:86,1
DA:87,1
DA:88,1
DA:89,1
DA:90,1
DA:91,1
DA:92,1
DA:93,1
DA:94,1
DA:95,1
DA:96,1
DA:97,1
DA:98,1
DA:99,1
DA:100,1
DA:101,1
DA:102,1
DA:103,1
DA:104,1
DA:105,1
DA:107,1
DA:108,1
DA:109,1
DA:110,1
DA:111,1
DA:112,1
DA:113,1
DA:114,1
DA:115,1
DA:116,1
DA:117,1
DA:118,1
DA:119,1
DA:120,1
DA:121,1
DA:122,1
DA:123,1
DA:124,1
DA:125,1
DA:126,1
DA:127,1
DA:129,1
DA:130,1
DA:131,1
DA:132,1
DA:133,1
DA:134,1
DA:135,1
DA:136,1
DA:137,1
DA:138,1
DA:139,1
DA:140,1
DA:142,1
DA:143,8
DA:144,8
DA:145,8
DA:146,0
DA:148,8
DA:149,8
DA:150,104
DA:151,104
DA:152,104
DA:154,8
DA:155,8
DA:156,8
DA:157,8
DA:158,31
DA:159,24
DA:160,24
DA:161,24
DA:162,31
DA:163,31
DA:164,8
DA:165,8
LF:156
LH:155
BRDA:142,0,0,8
BRDA:145,1,0,0
BRDA:149,2,0,104
BRDA:151,3,0,3752
BRDA:157,4,0,31
BRDA:158,5,0,24
BRDA:162,6,0,8
BRDA:154,7,0,27019
BRF:8
BRH:7
end_of_record
TN:
SF:src/monsters.ts
FN:124,getMonsterForRoom
FNF:1
FNH:1
FNDA:87,getMonsterForRoom
DA:3,1
DA:5,1
DA:6,1
DA:7,1
DA:8,1
DA:9,1
DA:10,1
DA:11,1
DA:13,1
DA:14,1
DA:15,1
DA:16,1
DA:17,1
DA:18,1
DA:19,1
DA:20,1
DA:21,1
DA:22,1
DA:23,1
DA:24,1
DA:25,1
DA:26,1
DA:27,1
DA:28,1
DA:29,1
DA:30,1
DA:31,1
DA:32,1
DA:33,1
DA:34,1
DA:35,1
DA:36,1
DA:37,1
DA:38,1
DA:39,1
DA:40,1
DA:41,1
DA:42,1
DA:43,1
DA:44,1
DA:46,1
DA:47,1
DA:48,1
DA:49,1
DA:50,1
DA:51,1
DA:52,1
DA:53,1
DA:55,1
DA:56,1
DA:57,1
DA:58,1
DA:59,1
DA:60,1
DA:61,1
DA:63,1
DA:64,1
DA:65,1
DA:66,1
DA:67,1
DA:68,1
DA:69,1
DA:70,1
DA:71,1
DA:72,1
DA:73,1
DA:74,1
DA:75,1
DA:76,1
DA:77,1
DA:78,1
DA:79,1
DA:80,1
DA:81,1
DA:82,1
DA:83,1
DA:84,1
DA:85,1
DA:86,1
DA:87,1
DA:88,1
DA:89,1
DA:90,1
DA:91,1
DA:92,1
DA:93,1
DA:94,1
DA:95,1
DA:96,1
DA:97,1
DA:98,1
DA:99,1
DA:100,1
DA:101,1
DA:102,1
DA:104,1
DA:105,1
DA:106,1
DA:107,1
DA:108,1
DA:109,1
DA:110,1
DA:112,1
DA:113,1
DA:114,1
DA:115,1
DA:116,1
DA:117,1
DA:118,1
DA:119,1
DA:120,1
DA:121,1
DA:122,1
DA:124,1
DA:125,87
DA:126,86
DA:127,86
DA:128,86
DA:129,0
DA:130,86
DA:131,1
DA:132,1
DA:133,0
DA:134,0
DA:135,0
DA:136,1
DA:137,0
DA:138,0
LF:128
LH:122
BRDA:124,0,0,87
BRDA:125,1,0,86
BRDA:126,2,0,0
BRDA:128,3,0,0
BRDA:130,4,0,58
BRDA:130,5,0,1
BRDA:132,6,0,0
BRDA:134,7,0,0
BRDA:136,8,0,0
BRDA:128,9,0,86
BRDA:132,10,0,8
BRF:11
BRH:6
end_of_record
TN:
SF:src/scoring.ts
FN:34,getHandBase
FN:45,scoreHand
FN:147,applyJoker
FNF:3
FNH:3
FNDA:72,getHandBase
FNDA:70,scoreHand
FNDA:7,applyJoker
DA:1,1
DA:18,1
DA:19,1
DA:20,1
DA:21,1
DA:22,1
DA:23,1
DA:24,1
DA:25,1
DA:26,1
DA:27,1
DA:28,1
DA:29,1
DA:30,1
DA:31,1
DA:32,1
DA:34,1
DA:35,72
DA:36,72
DA:37,72
DA:38,2
DA:39,2
DA:40,2
DA:41,2
DA:42,2
DA:43,2
DA:45,1
DA:46,70
DA:47,70
DA:48,70
DA:49,70
DA:50,70
DA:51,70
DA:52,70
DA:53,70
DA:56,70
DA:57,70
DA:58,70
DA:59,70
DA:60,70
DA:63,70
DA:64,70
DA:65,70
DA:66,306
DA:67,306
DA:68,70
DA:69,70
DA:72,70
DA:73,70
DA:74,70
DA:75,4
DA:76,1
DA:77,1
DA:78,1
DA:79,4
DA:80,70
DA:83,70
DA:84,70
DA:85,164
DA:86,3
DA:87,3
DA:88,3
DA:89,164
DA:90,1
DA:91,1
DA:92,1
DA:93,164
DA:94,10
DA:95,10
DA:96,10
DA:97,164
DA:98,4
DA:99,4
DA:100,164
DA:103,70
DA:104,70
DA:105,13
DA:106,13
DA:107,13
DA:108,13
DA:111,70
DA:112,164
DA:113,164
DA:114,3
DA:115,3
DA:116,3
DA:117,164
DA:118,164
DA:119,164
DA:120,5
DA:121,5
DA:122,5
DA:123,164
DA:126,70
DA:127,4
DA:128,4
DA:129,1
DA:130,1
DA:131,1
DA:132,4
DA:135,70
DA:136,7
DA:137,8
DA:138,8
DA:139,8
DA:140,7
DA:141,7
DA:143,70
DA:144,70
DA:145,70
DA:147,7
DA:148,7
DA:149,7
DA:150,7
DA:151,7
DA:152,7
DA:153,7
DA:154,7
DA:155,3
DA:156,2
DA:157,1
DA:160,7
DA:161,3
DA:162,3
DA:164,7
DA:165,1
DA:166,2
DA:167,2
DA:168,2
DA:169,2
DA:170,2
DA:171,1
DA:173,7
DA:174,1
DA:175,1
DA:176,5
DA:177,5
DA:178,1
DA:179,7
LF:139
LH:139
BRDA:34,0,0,72
BRDA:36,1,0,70
BRDA:37,2,0,70
BRDA:37,3,0,2
BRDA:45,4,0,70
BRDA:59,5,0,69
BRDA:65,6,0,306
BRDA:74,7,0,4
BRDA:75,8,0,1
BRDA:80,9,0,1
BRDA:84,10,0,164
BRDA:85,11,0,3
BRDA:89,12,0,1
BRDA:93,13,0,10
BRDA:97,14,0,4
BRDA:104,15,0,13
BRDA:105,16,0,2
BRDA:106,17,0,12
BRDA:107,18,0,0
BRDA:111,19,0,164
BRDA:113,20,0,3
BRDA:114,21,0,2
BRDA:115,22,0,1
BRDA:117,23,0,154
BRDA:117,24,0,10
BRDA:117,25,0,0
BRDA:119,26,0,5
BRDA:121,27,0,0
BRDA:126,28,0,4
BRDA:128,29,0,1
BRDA:135,30,0,7
BRDA:63,31,0,310
BRDA:72,32,0,310
BRDA:127,33,0,6
BRDA:136,34,0,8
BRDA:137,35,0,3
BRDA:138,36,0,4
BRDA:139,37,0,1
BRDA:147,38,0,7
BRDA:154,39,0,3
BRDA:155,40,0,2
BRDA:156,41,0,1
BRDA:160,42,0,5
BRDA:160,43,0,3
BRDA:164,44,0,1
BRDA:165,45,0,2
BRDA:167,46,0,0
BRDA:173,47,0,1
BRDA:174,48,0,0
BRDA:175,49,0,5
BRDA:176,50,0,3
BRF:51
BRH:46
end_of_record
TN:
SF:src/types.ts
FN:1,(empty-report)
FNF:1
FNH:1
FNDA:1,(empty-report)
LF:0
LH:0
BRDA:1,0,0,1
BRF:1
BRH:1
end_of_record
